app/build/intermediates/manifest_merge_blame_file/debug/manifest-merger-blame-debug-report.txt
1<?xml version="1.0" encoding="utf-8"?>
2<manifest xmlns:android="http://schemas.android.com/apk/res/android"
3    package="com.example.week_4A_solution"
4    android:versionCode="1"
5    android:versionName="1.0" >
6
7    <uses-sdk
8        android:minSdkVersion="21"
8-->src\main\AndroidManifest.xml
9        android:targetSdkVersion="33" />
9-->src\main\AndroidManifest.xml
10
11    <uses-feature android:name="android.hardware.camera.any" />
11-->src\main\AndroidManifest.xml:6:5-64
11-->src\main\AndroidManifest.xml:6:19-61
12
13    <uses-permission android:name="android.permission.CAMERA" />
13-->src\main\AndroidManifest.xml:7:5-65
13-->src\main\AndroidManifest.xml:7:22-62
14    <uses-permission android:name="android.permission.READ_EXTERNAL_STORAGE" />
14-->src\main\AndroidManifest.xml:8:5-80
14-->src\main\AndroidManifest.xml:8:22-77
15    <uses-permission android:name="android.permission.ACCESS_MEDIA_LOCATION" />
15-->src\main\AndroidManifest.xml:9:5-80
15-->src\main\AndroidManifest.xml:9:22-77
16    <uses-permission android:name="android.permission.READ_MEDIA_IMAGES" />
16-->src\main\AndroidManifest.xml:10:5-76
16-->src\main\AndroidManifest.xml:10:22-73
17    <uses-permission
17-->src\main\AndroidManifest.xml:11:5-12:38
18        android:name="android.permission.WRITE_EXTERNAL_STORAGE"
18-->src\main\AndroidManifest.xml:11:22-78
19        android:maxSdkVersion="28" />
19-->src\main\AndroidManifest.xml:12:9-35
20
21    <queries>
21-->[androidx.camera:camera-extensions:1.1.0] AndroidManifest.xml:24:5-28:15
22        <intent>
22-->[androidx.camera:camera-extensions:1.1.0] AndroidManifest.xml:25:9-27:18
23            <action android:name="androidx.camera.extensions.action.VENDOR_ACTION" />
23-->[androidx.camera:camera-extensions:1.1.0] AndroidManifest.xml:26:13-86
23-->[androidx.camera:camera-extensions:1.1.0] AndroidManifest.xml:26:21-83
24        </intent>
25    </queries>
26
27    <application
27-->src\main\AndroidManifest.xml:14:5-45:19
28        android:name="com.example.week_5B_solution.ImageApplication"
28-->src\main\AndroidManifest.xml:23:9-69
29        android:allowBackup="true"
29-->src\main\AndroidManifest.xml:15:9-35
30        android:appComponentFactory="androidx.core.app.CoreComponentFactory"
30-->[androidx.core:core:1.8.0] AndroidManifest.xml:24:18-86
31        android:dataExtractionRules="@xml/data_extraction_rules"
31-->src\main\AndroidManifest.xml:16:9-65
32        android:debuggable="true"
33        android:fullBackupContent="@xml/backup_rules"
33-->src\main\AndroidManifest.xml:17:9-54
34        android:icon="@mipmap/ic_launcher"
34-->src\main\AndroidManifest.xml:18:9-43
35        android:label="@string/app_name"
35-->src\main\AndroidManifest.xml:19:9-41
36        android:roundIcon="@mipmap/ic_launcher_round"
36-->src\main\AndroidManifest.xml:20:9-54
37        android:supportsRtl="true"
37-->src\main\AndroidManifest.xml:21:9-35
38        android:testOnly="true"
39        android:theme="@style/Theme.Week_4_solution" >
39-->src\main\AndroidManifest.xml:22:9-53
40        <activity
40-->src\main\AndroidManifest.xml:25:9-31:20
41            android:name="com.example.week_5B_solution.CameraActivity"
41-->src\main\AndroidManifest.xml:26:13-71
42            android:exported="false" >
42-->src\main\AndroidManifest.xml:27:13-37
43            <meta-data
43-->src\main\AndroidManifest.xml:28:13-30:36
44                android:name="android.app.lib_name"
44-->src\main\AndroidManifest.xml:29:17-52
45                android:value="" />
45-->src\main\AndroidManifest.xml:30:17-33
46        </activity>
47        <activity
47-->src\main\AndroidManifest.xml:32:9-35:74
48            android:name="com.example.week_5B_solution.ShowImageActivity"
48-->src\main\AndroidManifest.xml:33:13-74
49            android:exported="false"
49-->src\main\AndroidManifest.xml:34:13-37
50            android:label="@string/title_activity_show_image" />
50-->src\main\AndroidManifest.xml:35:13-62
51        <activity
51-->src\main\AndroidManifest.xml:36:9-44:20
52            android:name="com.example.week_5B_solution.MainActivity"
52-->src\main\AndroidManifest.xml:37:13-69
53            android:exported="true" >
53-->src\main\AndroidManifest.xml:38:13-36
54            <intent-filter>
54-->src\main\AndroidManifest.xml:39:13-43:29
55                <action android:name="android.intent.action.MAIN" />
55-->src\main\AndroidManifest.xml:40:17-69
55-->src\main\AndroidManifest.xml:40:25-66
56
57                <category android:name="android.intent.category.LAUNCHER" />
57-->src\main\AndroidManifest.xml:42:17-77
57-->src\main\AndroidManifest.xml:42:27-74
58            </intent-filter>
59        </activity>
60
61        <uses-library
61-->[androidx.window:window:1.0.0] AndroidManifest.xml:25:9-27:40
62            android:name="androidx.window.extensions"
62-->[androidx.window:window:1.0.0] AndroidManifest.xml:26:13-54
63            android:required="false" />
63-->[androidx.window:window:1.0.0] AndroidManifest.xml:27:13-37
64        <uses-library
64-->[androidx.window:window:1.0.0] AndroidManifest.xml:28:9-30:40
65            android:name="androidx.window.sidecar"
65-->[androidx.window:window:1.0.0] AndroidManifest.xml:29:13-51
66            android:required="false" />
66-->[androidx.window:window:1.0.0] AndroidManifest.xml:30:13-37
67        <uses-library
67-->[androidx.camera:camera-extensions:1.1.0] AndroidManifest.xml:31:9-33:40
68            android:name="androidx.camera.extensions.impl"
68-->[androidx.camera:camera-extensions:1.1.0] AndroidManifest.xml:32:13-59
69            android:required="false" />
69-->[androidx.camera:camera-extensions:1.1.0] AndroidManifest.xml:33:13-37
70
71        <service
71-->[androidx.camera:camera-camera2:1.1.0] AndroidManifest.xml:26:9-35:19
72            android:name="androidx.camera.core.impl.MetadataHolderService"
72-->[androidx.camera:camera-camera2:1.1.0] AndroidManifest.xml:27:13-75
73            android:enabled="false"
73-->[androidx.camera:camera-camera2:1.1.0] AndroidManifest.xml:28:13-36
74            android:exported="false" >
74-->[androidx.camera:camera-camera2:1.1.0] AndroidManifest.xml:29:13-37
75            <meta-data
75-->[androidx.camera:camera-camera2:1.1.0] AndroidManifest.xml:32:13-34:89
76                android:name="androidx.camera.core.impl.MetadataHolderService.DEFAULT_CONFIG_PROVIDER"
76-->[androidx.camera:camera-camera2:1.1.0] AndroidManifest.xml:33:17-103
77                android:value="androidx.camera.camera2.Camera2Config$DefaultProvider" />
77-->[androidx.camera:camera-camera2:1.1.0] AndroidManifest.xml:34:17-86
78        </service>
79        <service
79-->[androidx.room:room-runtime:2.4.3] AndroidManifest.xml:25:9-28:40
80            android:name="androidx.room.MultiInstanceInvalidationService"
80-->[androidx.room:room-runtime:2.4.3] AndroidManifest.xml:26:13-74
81            android:directBootAware="true"
81-->[androidx.room:room-runtime:2.4.3] AndroidManifest.xml:27:13-43
82            android:exported="false" />
82-->[androidx.room:room-runtime:2.4.3] AndroidManifest.xml:28:13-37
83
84        <provider
84-->[androidx.profileinstaller:profileinstaller:1.0.1] AndroidManifest.xml:26:9-34:20
85            android:name="androidx.startup.InitializationProvider"
85-->[androidx.profileinstaller:profileinstaller:1.0.1] AndroidManifest.xml:27:13-67
86            android:authorities="com.example.week_4A_solution.androidx-startup"
86-->[androidx.profileinstaller:profileinstaller:1.0.1] AndroidManifest.xml:28:13-68
87            android:exported="false" >
87-->[androidx.profileinstaller:profileinstaller:1.0.1] AndroidManifest.xml:29:13-37
88            <meta-data
88-->[androidx.profileinstaller:profileinstaller:1.0.1] AndroidManifest.xml:31:13-33:52
89                android:name="androidx.profileinstaller.ProfileInstallerInitializer"
89-->[androidx.profileinstaller:profileinstaller:1.0.1] AndroidManifest.xml:32:17-85
90                android:value="androidx.startup" />
90-->[androidx.profileinstaller:profileinstaller:1.0.1] AndroidManifest.xml:33:17-49
91        </provider>
92
93        <receiver
93-->[androidx.profileinstaller:profileinstaller:1.0.1] AndroidManifest.xml:36:9-45:20
94            android:name="androidx.profileinstaller.ProfileInstallReceiver"
94-->[androidx.profileinstaller:profileinstaller:1.0.1] AndroidManifest.xml:37:13-76
95            android:directBootAware="false"
95-->[androidx.profileinstaller:profileinstaller:1.0.1] AndroidManifest.xml:38:13-44
96            android:enabled="true"
96-->[androidx.profileinstaller:profileinstaller:1.0.1] AndroidManifest.xml:39:13-35
97            android:exported="true"
97-->[androidx.profileinstaller:profileinstaller:1.0.1] AndroidManifest.xml:40:13-36
98            android:permission="android.permission.DUMP" >
98-->[androidx.profileinstaller:profileinstaller:1.0.1] AndroidManifest.xml:41:13-57
99            <intent-filter>
99-->[androidx.profileinstaller:profileinstaller:1.0.1] AndroidManifest.xml:42:13-44:29
100                <action android:name="androidx.profileinstaller.action.INSTALL_PROFILE" />
100-->[androidx.profileinstaller:profileinstaller:1.0.1] AndroidManifest.xml:43:17-91
100-->[androidx.profileinstaller:profileinstaller:1.0.1] AndroidManifest.xml:43:25-88
101            </intent-filter>
102        </receiver>
103    </application>
104
105</manifest>